[     226ms] [INFO] %cDownload the React DevTools for a better development experience: https://react.dev/link/react-devtools font-weight:bold @ http://localhost:5190/node_modules/.vite/deps/react-dom_client.js?v=712dae83:20102
[     679ms] [VERBOSE] [DOM] Password field is not contained in a form: (More info: https://goo.gl/9p2vKq) %o @ http://localhost:5190/auth:0
[   14149ms] [ERROR] Failed to load resource: the server responded with a status of 400 () @ https://slwwdglbdhzvcfmckmpl.supabase.co/auth/v1/token?grant_type=password:0
[   14150ms] [ERROR] [auth] Sign-in failed {name: AuthApiError, status: 400, code: invalid_credentials, message: Invalid login credentials} @ http://localhost:5190/app/routes/Auth.tsx?import:26
[   14326ms] [ERROR] Access to fetch at 'https://slwwdglbdhzvcfmckmpl.supabase.co/functions/v1/signup-with-rate-limit' from origin 'http://localhost:5190' has been blocked by CORS policy: Response to preflight request doesn't pass access control check: The 'Access-Control-Allow-Origin' header contains the invalid value '"https://ats-one.netlify.app'. Have the server send the header with a valid value. @ http://localhost:5190/auth:0
[   14326ms] [ERROR] Failed to load resource: net::ERR_FAILED @ https://slwwdglbdhzvcfmckmpl.supabase.co/functions/v1/signup-with-rate-limit:0
[   23612ms] [ERROR] Failed to load resource: the server responded with a status of 400 () @ https://slwwdglbdhzvcfmckmpl.supabase.co/auth/v1/token?grant_type=password:0
[   23612ms] [ERROR] [auth] Sign-in failed {name: AuthApiError, status: 400, code: invalid_credentials, message: Invalid login credentials} @ http://localhost:5190/app/routes/Auth.tsx?import:26
[   23743ms] [ERROR] Access to fetch at 'https://slwwdglbdhzvcfmckmpl.supabase.co/functions/v1/signup-with-rate-limit' from origin 'http://localhost:5190' has been blocked by CORS policy: Response to preflight request doesn't pass access control check: The 'Access-Control-Allow-Origin' header contains the invalid value '"https://ats-one.netlify.app'. Have the server send the header with a valid value. @ http://localhost:5190/auth:0
[   23743ms] [ERROR] Failed to load resource: net::ERR_FAILED @ https://slwwdglbdhzvcfmckmpl.supabase.co/functions/v1/signup-with-rate-limit:0
[   31658ms] [WARNING] The width(-1) and height(-1) of chart should be greater than 0,
       please check the style of container, or the props width(100%) and height(100%),
       or add a minWidth(0) or minHeight(undefined) or use aspect(undefined) to control the
       height and width. @ http://localhost:5190/node_modules/.vite/deps/recharts.js?v=712dae83:7674
[   31658ms] [WARNING] The width(-1) and height(-1) of chart should be greater than 0,
       please check the style of container, or the props width(100%) and height(100%),
       or add a minWidth(0) or minHeight(undefined) or use aspect(undefined) to control the
       height and width. @ http://localhost:5190/node_modules/.vite/deps/recharts.js?v=712dae83:7674
[   31658ms] [WARNING] The width(-1) and height(-1) of chart should be greater than 0,
       please check the style of container, or the props width(100%) and height(100%),
       or add a minWidth(0) or minHeight(undefined) or use aspect(undefined) to control the
       height and width. @ http://localhost:5190/node_modules/.vite/deps/recharts.js?v=712dae83:7674
[   31658ms] [WARNING] The width(-1) and height(-1) of chart should be greater than 0,
       please check the style of container, or the props width(100%) and height(100%),
       or add a minWidth(0) or minHeight(undefined) or use aspect(undefined) to control the
       height and width. @ http://localhost:5190/node_modules/.vite/deps/recharts.js?v=712dae83:7674
[   31659ms] [WARNING] The width(-1) and height(-1) of chart should be greater than 0,
       please check the style of container, or the props width(100%) and height(100%),
       or add a minWidth(0) or minHeight(undefined) or use aspect(undefined) to control the
       height and width. @ http://localhost:5190/node_modules/.vite/deps/recharts.js?v=712dae83:7674
[   31659ms] [WARNING] The width(-1) and height(-1) of chart should be greater than 0,
       please check the style of container, or the props width(100%) and height(100%),
       or add a minWidth(0) or minHeight(undefined) or use aspect(undefined) to control the
       height and width. @ http://localhost:5190/node_modules/.vite/deps/recharts.js?v=712dae83:7674
[   31659ms] [WARNING] The width(-1) and height(-1) of chart should be greater than 0,
       please check the style of container, or the props width(100%) and height(100%),
       or add a minWidth(0) or minHeight(undefined) or use aspect(undefined) to control the
       height and width. @ http://localhost:5190/node_modules/.vite/deps/recharts.js?v=712dae83:7674
[   31659ms] [WARNING] The width(-1) and height(-1) of chart should be greater than 0,
       please check the style of container, or the props width(100%) and height(100%),
       or add a minWidth(0) or minHeight(undefined) or use aspect(undefined) to control the
       height and width. @ http://localhost:5190/node_modules/.vite/deps/recharts.js?v=712dae83:7674
[  104354ms] [WARNING] The width(-1) and height(-1) of chart should be greater than 0,
       please check the style of container, or the props width(100%) and height(100%),
       or add a minWidth(0) or minHeight(undefined) or use aspect(undefined) to control the
       height and width. @ http://localhost:5190/node_modules/.vite/deps/recharts.js?v=712dae83:7674
[  104354ms] [WARNING] The width(-1) and height(-1) of chart should be greater than 0,
       please check the style of container, or the props width(100%) and height(100%),
       or add a minWidth(0) or minHeight(undefined) or use aspect(undefined) to control the
       height and width. @ http://localhost:5190/node_modules/.vite/deps/recharts.js?v=712dae83:7674
[  104354ms] [WARNING] The width(-1) and height(-1) of chart should be greater than 0,
       please check the style of container, or the props width(100%) and height(100%),
       or add a minWidth(0) or minHeight(undefined) or use aspect(undefined) to control the
       height and width. @ http://localhost:5190/node_modules/.vite/deps/recharts.js?v=712dae83:7674
[  104354ms] [WARNING] The width(-1) and height(-1) of chart should be greater than 0,
       please check the style of container, or the props width(100%) and height(100%),
       or add a minWidth(0) or minHeight(undefined) or use aspect(undefined) to control the
       height and width. @ http://localhost:5190/node_modules/.vite/deps/recharts.js?v=712dae83:7674
[  104354ms] [WARNING] The width(-1) and height(-1) of chart should be greater than 0,
       please check the style of container, or the props width(100%) and height(100%),
       or add a minWidth(0) or minHeight(undefined) or use aspect(undefined) to control the
       height and width. @ http://localhost:5190/node_modules/.vite/deps/recharts.js?v=712dae83:7674
[  104355ms] [WARNING] The width(-1) and height(-1) of chart should be greater than 0,
       please check the style of container, or the props width(100%) and height(100%),
       or add a minWidth(0) or minHeight(undefined) or use aspect(undefined) to control the
       height and width. @ http://localhost:5190/node_modules/.vite/deps/recharts.js?v=712dae83:7674
[  104355ms] [WARNING] The width(-1) and height(-1) of chart should be greater than 0,
       please check the style of container, or the props width(100%) and height(100%),
       or add a minWidth(0) or minHeight(undefined) or use aspect(undefined) to control the
       height and width. @ http://localhost:5190/node_modules/.vite/deps/recharts.js?v=712dae83:7674
[  104355ms] [WARNING] The width(-1) and height(-1) of chart should be greater than 0,
       please check the style of container, or the props width(100%) and height(100%),
       or add a minWidth(0) or minHeight(undefined) or use aspect(undefined) to control the
       height and width. @ http://localhost:5190/node_modules/.vite/deps/recharts.js?v=712dae83:7674
[  151826ms] [WARNING] The width(-1) and height(-1) of chart should be greater than 0,
       please check the style of container, or the props width(100%) and height(100%),
       or add a minWidth(0) or minHeight(256) or use aspect(undefined) to control the
       height and width. @ http://localhost:5190/node_modules/.vite/deps/recharts.js?v=712dae83:7674
[  151826ms] [WARNING] The width(-1) and height(-1) of chart should be greater than 0,
       please check the style of container, or the props width(100%) and height(100%),
       or add a minWidth(0) or minHeight(256) or use aspect(undefined) to control the
       height and width. @ http://localhost:5190/node_modules/.vite/deps/recharts.js?v=712dae83:7674
